<?xml version="1.0" encoding="UTF-8"?>
<!-- Generated by org.testng.reporters.JUnitReportReporter -->
<testsuite hostname="LAPTOP-A3BSI9RN" failures="0" tests="1" name="testClass.Post_TC_3" time="0.999" errors="0" timestamp="2023-05-23T13:51:12 IST" skipped="0">
  <testcase classname="testClass.Post_TC_3" name="execute" time="0.999"/>
  <system-out/>
</testsuite> <!-- testClass.Post_TC_3 -->
